proguard-project.txt
# ProGuard Configuration file
#
# For more details, see
#   http://developer.android.com/guide/developing/tools/proguard.html

# Database
-libraryjars /libs/ActiveAndroid.jar
-keepattributes *Annotation*
-keep class com.activeandroid.** { *; }
-keep class me.kuehle.carreport.db.** { *; }

# Reports
-keep class me.kuehle.carreport.data.report.* { *; }

# Preferences
-keep class me.kuehle.carreport.gui.Preferences*
-keep class me.kuehle.carreport.gui.HelpActivity$*

# Dropbox
-libraryjars /libs/httpmime-4.0.3.jar
-libraryjars /libs/dropbox-android-sdk-1.5.4.jar
-libraryjars /libs/json_simple-1.1.jar
-dontwarn org.apache.**

# Joda Time
-libraryjars /libs/joda-time-2.1.jar
-keep class org.joda.time.DateTimeZone.Provider
-keep class org.joda.time.tz.UTCProvider
-dontwarn org.joda.convert.**