proguard/seeds.txt
me.kuehle.carreport.Application
me.kuehle.carreport.Application: Application()
me.kuehle.carreport.DistanceEntryMode: me.kuehle.carreport.DistanceEntryMode[] values()
me.kuehle.carreport.DistanceEntryMode: me.kuehle.carreport.DistanceEntryMode valueOf(java.lang.String)
me.kuehle.carreport.FuelConsumption$Type: me.kuehle.carreport.FuelConsumption$Type[] values()
me.kuehle.carreport.FuelConsumption$Type: me.kuehle.carreport.FuelConsumption$Type valueOf(java.lang.String)
me.kuehle.carreport.R$animator: int hide
me.kuehle.carreport.R$animator: int show
me.kuehle.carreport.R$array: int data_list_page_titles
me.kuehle.carreport.R$array: int main_views
me.kuehle.carreport.R$array: int repeat_intervals
me.kuehle.carreport.R$attr: int bar_length
me.kuehle.carreport.R$attr: int bar_pointer_halo_radius
me.kuehle.carreport.R$attr: int bar_pointer_radius
me.kuehle.carreport.R$attr: int bar_thickness
me.kuehle.carreport.R$attr: int cameraBearing
me.kuehle.carreport.R$attr: int cameraTargetLat
me.kuehle.carreport.R$attr: int cameraTargetLng
me.kuehle.carreport.R$attr: int cameraTilt
me.kuehle.carreport.R$attr: int cameraZoom
me.kuehle.carreport.R$attr: int click_remove_id
me.kuehle.carreport.R$attr: int collapsed_height
me.kuehle.carreport.R$attr: int color_center_halo_radius
me.kuehle.carreport.R$attr: int color_center_radius
me.kuehle.carreport.R$attr: int color_pointer_halo_radius
me.kuehle.carreport.R$attr: int color_pointer_radius
me.kuehle.carreport.R$attr: int color_wheel_radius
me.kuehle.carreport.R$attr: int color_wheel_thickness
me.kuehle.carreport.R$attr: int detailsElementBackground
me.kuehle.carreport.R$attr: int detailsElementLayoutWidth
me.kuehle.carreport.R$attr: int drag_enabled
me.kuehle.carreport.R$attr: int drag_handle_id
me.kuehle.carreport.R$attr: int drag_scroll_start
me.kuehle.carreport.R$attr: int drag_start_mode
me.kuehle.carreport.R$attr: int drop_animation_duration
me.kuehle.carreport.R$attr: int fling_handle_id
me.kuehle.carreport.R$attr: int float_alpha
me.kuehle.carreport.R$attr: int float_background_color
me.kuehle.carreport.R$attr: int mapType
me.kuehle.carreport.R$attr: int max_drag_scroll_speed
me.kuehle.carreport.R$color: int common_action_bar_splitter
me.kuehle.carreport.R$color: int common_signin_btn_dark_text_default
me.kuehle.carreport.R$color: int common_signin_btn_dark_text_disabled
me.kuehle.carreport.R$color: int common_signin_btn_dark_text_focused
me.kuehle.carreport.R$color: int common_signin_btn_dark_text_pressed
me.kuehle.carreport.R$color: int common_signin_btn_default_background
me.kuehle.carreport.R$color: int common_signin_btn_light_text_default
me.kuehle.carreport.R$color: int common_signin_btn_light_text_disabled
me.kuehle.carreport.R$color: int common_signin_btn_light_text_focused
me.kuehle.carreport.R$color: int common_signin_btn_light_text_pressed
me.kuehle.carreport.R$color: int common_signin_btn_text_dark
me.kuehle.carreport.R$color: int common_signin_btn_text_light
me.kuehle.carreport.R$dimen: int bar_length
me.kuehle.carreport.R$dimen: int bar_pointer_halo_radius
me.kuehle.carreport.R$dimen: int bar_pointer_radius
me.kuehle.carreport.R$dimen: int bar_thickness
me.kuehle.carreport.R$dimen: int color_center_halo_radius
me.kuehle.carreport.R$dimen: int color_center_radius
me.kuehle.carreport.R$dimen: int color_pointer_halo_radius
me.kuehle.carreport.R$dimen: int color_pointer_radius
me.kuehle.carreport.R$dimen: int color_wheel_radius
me.kuehle.carreport.R$dimen: int color_wheel_thickness
...
com.activeandroid.query.Select
com.activeandroid.query.Select: java.lang.String[] mColumns
com.activeandroid.query.Select: boolean mDistinct
com.activeandroid.query.Select: boolean mAll
com.activeandroid.query.Select: Select()
com.activeandroid.query.Select: Select(java.lang.String[])
com.activeandroid.query.Select: Select(com.activeandroid.query.Select$Column[])
com.activeandroid.query.Select: com.activeandroid.query.Select distinct()
com.activeandroid.query.Select: com.activeandroid.query.Select all()
com.activeandroid.query.Select: com.activeandroid.query.From from(java.lang.Class)
com.activeandroid.query.Select: java.lang.String toSql()
com.activeandroid.query.Select$Column
com.activeandroid.query.Select$Column: java.lang.String name
com.activeandroid.query.Select$Column: java.lang.String alias
com.activeandroid.query.Select$Column: Select$Column(java.lang.String,java.lang.String)
com.activeandroid.query.Set
com.activeandroid.query.Set: com.activeandroid.query.Update mUpdate
com.activeandroid.query.Set: java.lang.String mSet
com.activeandroid.query.Set: java.lang.String mWhere
com.activeandroid.query.Set: java.util.List mSetArguments
com.activeandroid.query.Set: java.util.List mWhereArguments
com.activeandroid.query.Set: Set(com.activeandroid.query.Update,java.lang.String)
com.activeandroid.query.Set: Set(com.activeandroid.query.Update,java.lang.String,java.lang.Object[])
com.activeandroid.query.Set: com.activeandroid.query.Set where(java.lang.String)
com.activeandroid.query.Set: com.activeandroid.query.Set where(java.lang.String,java.lang.Object[])
com.activeandroid.query.Set: java.lang.String toSql()
com.activeandroid.query.Set: void execute()
com.activeandroid.query.Set: java.lang.String[] getArguments()
com.activeandroid.query.Sqlable
com.activeandroid.query.Sqlable: java.lang.String toSql()
com.activeandroid.query.Update
com.activeandroid.query.Update: java.lang.Class mType
com.activeandroid.query.Update: Update(java.lang.Class)
com.activeandroid.query.Update: com.activeandroid.query.Set set(java.lang.String)
com.activeandroid.query.Update: com.activeandroid.query.Set set(java.lang.String,java.lang.Object[])
com.activeandroid.query.Update: java.lang.Class getType()
com.activeandroid.query.Update: java.lang.String toSql()
com.activeandroid.serializer.BigDecimalSerializer
com.activeandroid.serializer.BigDecimalSerializer: BigDecimalSerializer()
com.activeandroid.serializer.BigDecimalSerializer: java.lang.Class getDeserializedType()
com.activeandroid.serializer.BigDecimalSerializer: java.lang.Class getSerializedType()
com.activeandroid.serializer.BigDecimalSerializer: java.lang.String serialize(java.lang.Object)
com.activeandroid.serializer.BigDecimalSerializer: java.math.BigDecimal deserialize(java.lang.Object)
com.activeandroid.serializer.BigDecimalSerializer: java.lang.Object deserialize(java.lang.Object)
com.activeandroid.serializer.BigDecimalSerializer: java.lang.Object serialize(java.lang.Object)
com.activeandroid.serializer.CalendarSerializer
com.activeandroid.serializer.CalendarSerializer: CalendarSerializer()
com.activeandroid.serializer.CalendarSerializer: java.lang.Class getDeserializedType()
com.activeandroid.serializer.CalendarSerializer: java.lang.Class getSerializedType()
com.activeandroid.serializer.CalendarSerializer: java.lang.Long serialize(java.lang.Object)
com.activeandroid.serializer.CalendarSerializer: java.util.Calendar deserialize(java.lang.Object)
com.activeandroid.serializer.CalendarSerializer: java.lang.Object deserialize(java.lang.Object)
com.activeandroid.serializer.CalendarSerializer: java.lang.Object serialize(java.lang.Object)