proguard/mapping.txt
me.kuehle.carreport.Application -> me.kuehle.carreport.Application:
    me.kuehle.carreport.Application instance -> a
    void dataChanged() -> a
    void reinitializeDatabase() -> b
    void onCreate() -> onCreate
    void onTerminate() -> onTerminate
me.kuehle.carreport.DistanceEntryMode -> me.kuehle.carreport.a:
    me.kuehle.carreport.DistanceEntryMode TRIP -> a
    me.kuehle.carreport.DistanceEntryMode TOTAL -> b
    me.kuehle.carreport.DistanceEntryMode SHOW_SELECTOR -> c
    int nameResourceId -> d
    me.kuehle.carreport.DistanceEntryMode[] ENUM$VALUES -> e
    me.kuehle.carreport.DistanceEntryMode[] values() -> values
    me.kuehle.carreport.DistanceEntryMode valueOf(java.lang.String) -> valueOf
me.kuehle.carreport.FuelConsumption -> me.kuehle.carreport.b:
    me.kuehle.carreport.FuelConsumption$Type consumptionType -> c
    java.lang.String unitVolume -> a
    java.lang.String unitDistance -> b
    me.kuehle.carreport.Preferences preferences -> d
    void setConsumptionType(int) -> a
    double computeFuelConsumption(double,double) -> a
    java.lang.String getUnitLabel(me.kuehle.carreport.FuelConsumption$Type) -> a
    java.lang.String getUnitLabel() -> a
me.kuehle.carreport.FuelConsumption$Type -> me.kuehle.carreport.c:
    me.kuehle.carreport.FuelConsumption$Type VOL_FOR_DIST -> a
    me.kuehle.carreport.FuelConsumption$Type DIST_FOR_VOL -> b
    int id -> c
    me.kuehle.carreport.FuelConsumption$Type[] ENUM$VALUES -> d
    me.kuehle.carreport.FuelConsumption$Type[] values() -> values
    me.kuehle.carreport.FuelConsumption$Type valueOf(java.lang.String) -> valueOf
me.kuehle.carreport.Preferences -> me.kuehle.carreport.d:
    android.content.SharedPreferences prefs -> a
    long getDefaultCar() -> a
    me.kuehle.carreport.DistanceEntryMode getDistanceEntryMode() -> b
    java.util.List getReportOrder() -> c
    java.lang.String getUnitCurrency() -> d
    java.lang.String getUnitDistance() -> e
    java.lang.String getUnitVolume() -> f
    boolean isShowLegend() -> g
    void setDropboxAccount(java.lang.String) -> a
    void setDropboxKey(java.lang.String) -> b
    void setDropboxLocalRev(java.lang.String) -> c
    void setDropboxSecret(java.lang.String) -> d
    void setGoogleDriveAccount(java.lang.String) -> e
    void setGoogleDriveAppDataID(java.lang.String) -> f
    void setGoogleDriveLocalModifiedDate(com.google.api.client.util.DateTime) -> a
    void setSynchronizationProvider(java.lang.String) -> g
me.kuehle.carreport.data.balancing.RefuelingBalancer -> me.kuehle.carreport.data.a.a:
    me.kuehle.carreport.Preferences prefs -> a
    java.util.List getBalancedRefuelings(me.kuehle.carreport.db.Car) -> a
    java.util.List getBalancedRefuelings(me.kuehle.carreport.db.FuelTank) -> a
    int getBalancedAverageDistanceOfFullRefuelings(java.util.List) -> a
    float getAveragePricePerUnit(java.util.List) -> b
me.kuehle.carreport.data.calculation.AbstractCalculation -> me.kuehle.carreport.data.b.a:
    android.content.Context context -> a
    java.lang.String getName() -> a
    java.lang.String getInputUnit() -> b
    java.lang.String getOutputUnit() -> c
    me.kuehle.carreport.data.calculation.CalculationItem[] calculate(double) -> a
me.kuehle.carreport.data.calculation.CalculationItem -> me.kuehle.carreport.data.b.b:
    java.lang.String name -> a
    double value -> b
me.kuehle.carreport.data.calculation.DistanceToPriceCalculation -> me.kuehle.carreport.data.b.c:
    java.lang.String getName() -> a
    java.lang.String getInputUnit() -> b
    java.lang.String getOutputUnit() -> c
    me.kuehle.carreport.data.calculation.CalculationItem[] calculate(double) -> a
...
com.google.api.client.googleapis.services.json.AbstractGoogleJsonClient -> com.google.a.a.a.d.a.a:
    com.google.api.client.json.JsonObjectParser getObjectParser() -> f
    com.google.api.client.json.JsonFactory getJsonFactory() -> g
    com.google.api.client.util.ObjectParser getObjectParser() -> e
com.google.api.client.googleapis.services.json.AbstractGoogleJsonClient$Builder -> com.google.a.a.a.d.a.b:
    com.google.api.client.googleapis.services.json.AbstractGoogleJsonClient$Builder setRootUrl(java.lang.String) -> d
    com.google.api.client.googleapis.services.json.AbstractGoogleJsonClient$Builder setServicePath(java.lang.String) -> e
    com.google.api.client.googleapis.services.json.AbstractGoogleJsonClient$Builder setApplicationName(java.lang.String) -> f
    com.google.api.client.googleapis.services.AbstractGoogleClient$Builder setApplicationName(java.lang.String) -> c
    com.google.api.client.googleapis.services.AbstractGoogleClient$Builder setServicePath(java.lang.String) -> b
    com.google.api.client.googleapis.services.AbstractGoogleClient$Builder setRootUrl(java.lang.String) -> a
com.google.api.client.googleapis.services.json.AbstractGoogleJsonClientRequest -> com.google.a.a.a.d.a.c:
    java.lang.Object jsonContent -> c
    com.google.api.client.googleapis.services.json.AbstractGoogleJsonClient getAbstractGoogleClient() -> d
    com.google.api.client.googleapis.services.json.AbstractGoogleJsonClientRequest set(java.lang.String,java.lang.Object) -> c
    com.google.api.client.googleapis.services.AbstractGoogleClientRequest set(java.lang.String,java.lang.Object) -> a
    java.io.IOException newExceptionOnError(com.google.api.client.http.HttpResponse) -> a
    com.google.api.client.googleapis.services.AbstractGoogleClient getAbstractGoogleClient() -> a
    com.google.api.client.util.GenericData set(java.lang.String,java.lang.Object) -> b
com.google.api.client.http.AbstractHttpContent -> com.google.a.a.b.a:
    com.google.api.client.http.HttpMediaType mediaType -> a
    long computedLength -> b
    long getLength() -> a
    java.nio.charset.Charset getCharset() -> b
    java.lang.String getType() -> c
    boolean retrySupported() -> d
    long computeLength(com.google.api.client.http.HttpContent) -> a
com.google.api.client.http.AbstractInputStreamContent -> com.google.a.a.b.b:
    java.lang.String type -> a
    boolean closeInputStream -> b
    java.io.InputStream getInputStream() -> b
    void writeTo(java.io.OutputStream) -> a
    java.lang.String getType() -> c
    com.google.api.client.http.AbstractInputStreamContent setType(java.lang.String) -> a
    com.google.api.client.http.AbstractInputStreamContent setCloseInputStream(boolean) -> a
com.google.api.client.http.BackOffPolicy -> com.google.a.a.b.c:
    boolean isBackOffRequired(int) -> a
    void reset() -> b
    long getNextBackOffMillis() -> a
com.google.api.client.http.ByteArrayContent -> com.google.a.a.b.d:
    byte[] byteArray -> c
    int offset -> d
    int length -> e
    long getLength() -> a
    boolean retrySupported() -> d
    java.io.InputStream getInputStream() -> b
    com.google.api.client.http.AbstractInputStreamContent setCloseInputStream(boolean) -> a
    com.google.api.client.http.AbstractInputStreamContent setType(java.lang.String) -> a
com.google.api.client.http.EmptyContent -> com.google.a.a.b.e:
    long getLength() -> a
    java.lang.String getType() -> c
    void writeTo(java.io.OutputStream) -> a
    boolean retrySupported() -> d
com.google.api.client.http.ExponentialBackOffPolicy -> com.google.a.a.b.f:
    com.google.api.client.util.ExponentialBackOff exponentialBackOff -> a
    boolean isBackOffRequired(int) -> a
    void reset() -> b
    long getNextBackOffMillis() -> a
com.google.api.client.http.ExponentialBackOffPolicy$Builder -> com.google.a.a.b.g:
    com.google.api.client.util.ExponentialBackOff$Builder exponentialBackOffBuilder -> a