proguard/usage.txt
me.kuehle.carreport.BuildConfig
me.kuehle.carreport.FuelConsumption:
    83:84:public java.lang.String getUnitLabel(int)
me.kuehle.carreport.R
me.kuehle.carreport.R$animator
me.kuehle.carreport.R$array
me.kuehle.carreport.R$attr
me.kuehle.carreport.R$color
me.kuehle.carreport.R$dimen
me.kuehle.carreport.R$drawable
me.kuehle.carreport.R$id
me.kuehle.carreport.R$layout
me.kuehle.carreport.R$menu
me.kuehle.carreport.R$string
me.kuehle.carreport.R$style
me.kuehle.carreport.R$styleable
me.kuehle.carreport.R$xml
me.kuehle.carreport.data.balancing.RefuelingBalancer:
    public static final float MAX_RELATIVE_CONSUMPTION_DEVIATION
me.kuehle.carreport.gui.AbstractDataDetailFragment:
    public static final java.lang.String EXTRA_ID
    public static final long EXTRA_ID_DEFAULT
    public static final java.lang.String EXTRA_CAR_ID
    public static final java.lang.String EXTRA_ALLOW_CANCEL
    public static final boolean EXTRA_ALLOW_CANCEL_DEFAULT
    private static final int DELETE_REQUEST_CODE
me.kuehle.carreport.gui.AbstractDataListFragment:
    public static final java.lang.String EXTRA_ACTIVATE_ON_CLICK
    public static final boolean EXTRA_ACTIVATE_ON_CLICK_DEFAULT
    public static final java.lang.String EXTRA_CAR_ID
    private static final java.lang.String STATE_CURRENT_CAR
    private static final java.lang.String STATE_CURRENT_ITEM
    private static final int REQUEST_DELETE
me.kuehle.carreport.gui.CalculatorFragment:
    private static final java.lang.String STATE_CURRENT_OPTION
me.kuehle.carreport.gui.DataDetailActivity:
    public static final java.lang.String EXTRA_EDIT
    public static final int EXTRA_EDIT_REFUELING
    public static final int EXTRA_EDIT_OTHER
    public static final int EXTRA_EDIT_CAR
me.kuehle.carreport.gui.DataDetailCarFragment:
    private static final int REQUEST_PICK_COLOR
    private static final int REQUEST_PICK_SUSPEND_DATE
    private static final int REQUEST_ADD_FUEL_TYPE
    private static final java.lang.String STATE_COLOR
    private static final java.lang.String STATE_FUEL_TANK_IDS
    private static final java.lang.String STATE_FUEL_TANK_NAMES
    private static final java.lang.String STATE_FUEL_TANK_SELECTED_TYPES
    private static final java.lang.String STATE_FUEL_TYPE_IDS
    private static final java.lang.String STATE_FUEL_TYPE_NAMES
    private static final java.lang.String STATE_CURRENT_FUEL_TYPE_SPINNER
me.kuehle.carreport.gui.DataDetailOtherFragment:
    private static final int PICK_DATE_REQUEST_CODE
    private static final int PICK_TIME_REQUEST_CODE
    private static final int PICK_END_DATE_REQUEST_CODE
    private static final int PICK_END_TIME_REQUEST_CODE
me.kuehle.carreport.gui.DataDetailRefuelingFragment:
    private static final int PICK_DATE_REQUEST_CODE
    private static final int PICK_TIME_REQUEST_CODE
me.kuehle.carreport.gui.DataFragment:
    private static final java.lang.String STATE_CURRENT_CAR
me.kuehle.carreport.gui.MainActivity:
    private static final int REQUEST_FIRST_START
    private static final int REQUEST_ADD_DATA
    private static final int REQUEST_SETTINGS
    private static final java.lang.String STATE_TITLE
me.kuehle.carreport.gui.PreferencesBackupFragment:
    private static final int REQUEST_CHOOSE_SYNC_PROVIDER
    private static final int REQUEST_FIRST_SYNC
    private static final int REQUEST_BACKUP_OVERWRITE
    private static final int REQUEST_RESTORE
    private static final int REQUEST_EXPORT_CSV_OVERWRITE
    private static final int REQUEST_IMPORT_CSV
me.kuehle.carreport.gui.PreferencesCarsFragment:
    private static final int DELETE_REQUEST_CODE
me.kuehle.carreport.gui.PreferencesFuelTypesFragment:
    private static final int REQUEST_DELETE
    private static final int REQUEST_ADD
    private static final int REQUEST_EDIT
    private static final java.lang.String STATE_CURRENTLY_EDITED_FUEL_TYPE
...
com.fasterxml.jackson.core.JsonStreamContext
com.fasterxml.jackson.core.JsonToken
com.fasterxml.jackson.core.ObjectCodec
com.fasterxml.jackson.core.PrettyPrinter
com.fasterxml.jackson.core.SerializableString
com.fasterxml.jackson.core.TreeNode
com.fasterxml.jackson.core.Version
com.fasterxml.jackson.core.Versioned
com.fasterxml.jackson.core.base.GeneratorBase
com.fasterxml.jackson.core.base.GeneratorBase$1
com.fasterxml.jackson.core.base.ParserBase
com.fasterxml.jackson.core.base.ParserMinimalBase
com.fasterxml.jackson.core.base.ParserMinimalBase$1
com.fasterxml.jackson.core.format.DataFormatDetector
com.fasterxml.jackson.core.format.DataFormatMatcher
com.fasterxml.jackson.core.format.InputAccessor
com.fasterxml.jackson.core.format.InputAccessor$Std
com.fasterxml.jackson.core.format.MatchStrength
com.fasterxml.jackson.core.io.BaseReader
com.fasterxml.jackson.core.io.CharTypes
com.fasterxml.jackson.core.io.CharacterEscapes
com.fasterxml.jackson.core.io.IOContext
com.fasterxml.jackson.core.io.InputDecorator
com.fasterxml.jackson.core.io.JsonStringEncoder
com.fasterxml.jackson.core.io.MergedStream
com.fasterxml.jackson.core.io.NumberInput
com.fasterxml.jackson.core.io.NumberOutput
com.fasterxml.jackson.core.io.OutputDecorator
com.fasterxml.jackson.core.io.SegmentedStringWriter
com.fasterxml.jackson.core.io.SerializedString
com.fasterxml.jackson.core.io.UTF32Reader
com.fasterxml.jackson.core.io.UTF8Writer
com.fasterxml.jackson.core.json.ByteSourceJsonBootstrapper
com.fasterxml.jackson.core.json.ByteSourceJsonBootstrapper$1
com.fasterxml.jackson.core.json.CoreVersion
com.fasterxml.jackson.core.json.JsonGeneratorImpl
com.fasterxml.jackson.core.json.JsonReadContext
com.fasterxml.jackson.core.json.JsonWriteContext
com.fasterxml.jackson.core.json.ReaderBasedJsonParser
com.fasterxml.jackson.core.json.ReaderBasedJsonParser$1
com.fasterxml.jackson.core.json.UTF8JsonGenerator
com.fasterxml.jackson.core.json.UTF8StreamJsonParser
com.fasterxml.jackson.core.json.UTF8StreamJsonParser$1
com.fasterxml.jackson.core.json.WriterBasedJsonGenerator
com.fasterxml.jackson.core.sym.BytesToNameCanonicalizer
com.fasterxml.jackson.core.sym.BytesToNameCanonicalizer$Bucket
com.fasterxml.jackson.core.sym.BytesToNameCanonicalizer$TableInfo
com.fasterxml.jackson.core.sym.CharsToNameCanonicalizer
com.fasterxml.jackson.core.sym.CharsToNameCanonicalizer$Bucket
com.fasterxml.jackson.core.sym.Name
com.fasterxml.jackson.core.sym.Name1
com.fasterxml.jackson.core.sym.Name2
com.fasterxml.jackson.core.sym.Name3
com.fasterxml.jackson.core.sym.NameN
com.fasterxml.jackson.core.type.ResolvedType
com.fasterxml.jackson.core.type.TypeReference
com.fasterxml.jackson.core.util.BufferRecycler
com.fasterxml.jackson.core.util.BufferRecycler$ByteBufferType
com.fasterxml.jackson.core.util.BufferRecycler$CharBufferType
com.fasterxml.jackson.core.util.ByteArrayBuilder
com.fasterxml.jackson.core.util.DefaultPrettyPrinter
com.fasterxml.jackson.core.util.DefaultPrettyPrinter$FixedSpaceIndenter
com.fasterxml.jackson.core.util.DefaultPrettyPrinter$Indenter
com.fasterxml.jackson.core.util.DefaultPrettyPrinter$Lf2SpacesIndenter
com.fasterxml.jackson.core.util.DefaultPrettyPrinter$NopIndenter
com.fasterxml.jackson.core.util.Instantiatable
com.fasterxml.jackson.core.util.InternCache
com.fasterxml.jackson.core.util.JsonGeneratorDelegate
com.fasterxml.jackson.core.util.JsonParserDelegate
com.fasterxml.jackson.core.util.JsonParserSequence
com.fasterxml.jackson.core.util.MinimalPrettyPrinter
com.fasterxml.jackson.core.util.TextBuffer
com.fasterxml.jackson.core.util.VersionUtil
com.google.android.gms.R:
    9:9:public R()
com.google.android.gms.R$attr
com.google.android.gms.R$color
com.google.android.gms.R$drawable
com.google.android.gms.R$id
com.google.android.gms.R$string:
    73:73:public R$string()
com.google.android.gms.R$styleable
com.google.android.gms.appstate.AppState